24-03-05.11:47:18.938 [main            ] INFO  RaffleStrategyTest     - Starting RaffleStrategyTest using Java 1.8.0_333 on upups-MacBook-Pro.local with PID 88247 (started by kirito in /Users/kirito/IdeaStudyProject/big-market/big-market-app)
24-03-05.11:47:18.940 [main            ] INFO  RaffleStrategyTest     - The following 1 profile is active: "dev"
24-03-05.11:47:20.771 [main            ] INFO  RepositoryConfigurationDelegate - Multiple Spring Data modules found, entering strict repository configuration mode
24-03-05.11:47:20.780 [main            ] INFO  RepositoryConfigurationDelegate - Bootstrapping Spring Data Redis repositories in DEFAULT mode.
24-03-05.11:47:20.856 [main            ] INFO  RepositoryConfigurationDelegate - Finished Spring Data repository scanning in 52 ms. Found 0 Redis repository interfaces.
24-03-05.11:47:23.511 [main            ] INFO  Version                - Redisson 3.23.4
24-03-05.11:47:23.593 [main            ] WARN  DnsServerAddressStreamProviders - Can not find io.netty.resolver.dns.macos.MacOSDnsServerAddressStreamProvider in the classpath, fallback to system defaults. This may result in incorrect DNS resolutions on MacOS. Check whether you have a dependency on 'io.netty:netty-resolver-dns-native-macos'
24-03-05.11:47:24.076 [redisson-netty-2-4] INFO  MasterPubSubConnectionPool - 1 connections initialized for 127.0.0.1/127.0.0.1:6379
24-03-05.11:47:24.125 [redisson-netty-2-13] INFO  MasterConnectionPool   - 5 connections initialized for 127.0.0.1/127.0.0.1:6379
24-03-05.11:47:27.419 [main            ] INFO  EndpointLinksResolver  - Exposing 1 endpoint(s) beneath base path '/actuator'
24-03-05.11:47:27.567 [main            ] INFO  RaffleStrategyTest     - Started RaffleStrategyTest in 9.446 seconds (JVM running for 10.966)
24-03-05.11:47:28.319 [main            ] INFO  HikariDataSource       - HikariPool-1 - Starting...
24-03-05.11:47:28.582 [main            ] INFO  HikariDataSource       - HikariPool-1 - Start completed.
24-03-05.11:47:28.727 [main            ] INFO  RaffleStrategyTest     - 测试结果：true
24-03-05.11:47:28.890 [SpringApplicationShutdownHook] INFO  HikariDataSource       - HikariPool-1 - Shutdown initiated...
24-03-05.11:47:28.902 [SpringApplicationShutdownHook] INFO  HikariDataSource       - HikariPool-1 - Shutdown completed.
24-03-05.11:49:18.798 [main            ] INFO  RaffleStrategyTest     - Starting RaffleStrategyTest using Java 1.8.0_333 on upups-MacBook-Pro.local with PID 88396 (started by kirito in /Users/kirito/IdeaStudyProject/big-market/big-market-app)
24-03-05.11:49:18.801 [main            ] INFO  RaffleStrategyTest     - The following 1 profile is active: "dev"
24-03-05.11:49:20.547 [main            ] INFO  RepositoryConfigurationDelegate - Multiple Spring Data modules found, entering strict repository configuration mode
24-03-05.11:49:20.553 [main            ] INFO  RepositoryConfigurationDelegate - Bootstrapping Spring Data Redis repositories in DEFAULT mode.
24-03-05.11:49:20.609 [main            ] INFO  RepositoryConfigurationDelegate - Finished Spring Data repository scanning in 40 ms. Found 0 Redis repository interfaces.
24-03-05.11:49:23.249 [main            ] INFO  Version                - Redisson 3.23.4
24-03-05.11:49:23.326 [main            ] WARN  DnsServerAddressStreamProviders - Can not find io.netty.resolver.dns.macos.MacOSDnsServerAddressStreamProvider in the classpath, fallback to system defaults. This may result in incorrect DNS resolutions on MacOS. Check whether you have a dependency on 'io.netty:netty-resolver-dns-native-macos'
24-03-05.11:49:23.812 [redisson-netty-2-4] INFO  MasterPubSubConnectionPool - 1 connections initialized for 127.0.0.1/127.0.0.1:6379
24-03-05.11:49:23.860 [redisson-netty-2-13] INFO  MasterConnectionPool   - 5 connections initialized for 127.0.0.1/127.0.0.1:6379
24-03-05.11:49:27.313 [main            ] INFO  EndpointLinksResolver  - Exposing 1 endpoint(s) beneath base path '/actuator'
24-03-05.11:49:27.444 [main            ] INFO  RaffleStrategyTest     - Started RaffleStrategyTest in 9.42 seconds (JVM running for 10.862)
24-03-05.11:49:28.277 [main            ] INFO  RaffleStrategyTest     - 测试结果：true
24-03-05.11:49:33.779 [scheduling-1    ] INFO  UpdateAwardStockJob    - 定时任务，更新奖品消耗库存【延迟队列获取，降低对数据库的更新频次，不要产生竞争】
24-03-05.11:50:16.628 [main            ] INFO  RaffleStrategyTest     - Starting RaffleStrategyTest using Java 1.8.0_333 on upups-MacBook-Pro.local with PID 88453 (started by kirito in /Users/kirito/IdeaStudyProject/big-market/big-market-app)
24-03-05.11:50:16.716 [main            ] INFO  RaffleStrategyTest     - The following 1 profile is active: "dev"
24-03-05.11:50:18.467 [main            ] INFO  RepositoryConfigurationDelegate - Multiple Spring Data modules found, entering strict repository configuration mode
24-03-05.11:50:18.476 [main            ] INFO  RepositoryConfigurationDelegate - Bootstrapping Spring Data Redis repositories in DEFAULT mode.
24-03-05.11:50:18.549 [main            ] INFO  RepositoryConfigurationDelegate - Finished Spring Data repository scanning in 52 ms. Found 0 Redis repository interfaces.
24-03-05.11:50:24.283 [main            ] INFO  Version                - Redisson 3.23.4
24-03-05.11:50:24.408 [main            ] WARN  DnsServerAddressStreamProviders - Can not find io.netty.resolver.dns.macos.MacOSDnsServerAddressStreamProvider in the classpath, fallback to system defaults. This may result in incorrect DNS resolutions on MacOS. Check whether you have a dependency on 'io.netty:netty-resolver-dns-native-macos'
24-03-05.11:50:25.089 [redisson-netty-2-4] INFO  MasterPubSubConnectionPool - 1 connections initialized for 127.0.0.1/127.0.0.1:6379
24-03-05.11:50:25.153 [redisson-netty-2-13] INFO  MasterConnectionPool   - 5 connections initialized for 127.0.0.1/127.0.0.1:6379
24-03-05.11:50:28.461 [main            ] INFO  EndpointLinksResolver  - Exposing 1 endpoint(s) beneath base path '/actuator'
24-03-05.11:50:28.581 [main            ] INFO  RaffleStrategyTest     - Started RaffleStrategyTest in 12.857 seconds (JVM running for 14.468)
24-03-05.11:50:29.442 [main            ] INFO  RaffleStrategyTest     - 测试结果：true
24-03-05.11:50:34.428 [scheduling-1    ] INFO  UpdateAwardStockJob    - 定时任务，更新奖品消耗库存【延迟队列获取，降低对数据库的更新频次，不要产生竞争】
24-03-05.11:51:42.339 [scheduling-1    ] INFO  UpdateAwardStockJob    - 定时任务，更新奖品消耗库存【延迟队列获取，降低对数据库的更新频次，不要产生竞争】
24-03-05.11:51:47.630 [main            ] INFO  RaffleStrategyTest     - Starting RaffleStrategyTest using Java 1.8.0_333 on upups-MacBook-Pro.local with PID 88641 (started by kirito in /Users/kirito/IdeaStudyProject/big-market/big-market-app)
24-03-05.11:51:47.691 [main            ] INFO  RaffleStrategyTest     - The following 1 profile is active: "dev"
24-03-05.11:51:49.463 [main            ] INFO  RepositoryConfigurationDelegate - Multiple Spring Data modules found, entering strict repository configuration mode
24-03-05.11:51:49.467 [main            ] INFO  RepositoryConfigurationDelegate - Bootstrapping Spring Data Redis repositories in DEFAULT mode.
24-03-05.11:51:49.527 [main            ] INFO  RepositoryConfigurationDelegate - Finished Spring Data repository scanning in 43 ms. Found 0 Redis repository interfaces.
24-03-05.11:51:52.150 [main            ] INFO  Version                - Redisson 3.23.4
24-03-05.11:51:52.262 [main            ] WARN  DnsServerAddressStreamProviders - Can not find io.netty.resolver.dns.macos.MacOSDnsServerAddressStreamProvider in the classpath, fallback to system defaults. This may result in incorrect DNS resolutions on MacOS. Check whether you have a dependency on 'io.netty:netty-resolver-dns-native-macos'
24-03-05.11:51:52.745 [redisson-netty-2-4] INFO  MasterPubSubConnectionPool - 1 connections initialized for 127.0.0.1/127.0.0.1:6379
24-03-05.11:51:52.802 [redisson-netty-2-13] INFO  MasterConnectionPool   - 5 connections initialized for 127.0.0.1/127.0.0.1:6379
24-03-05.11:51:56.091 [main            ] INFO  EndpointLinksResolver  - Exposing 1 endpoint(s) beneath base path '/actuator'
24-03-05.11:51:56.276 [main            ] INFO  RaffleStrategyTest     - Started RaffleStrategyTest in 9.433 seconds (JVM running for 11.015)
24-03-05.11:51:57.265 [main            ] INFO  RaffleStrategyTest     - 测试结果：true
24-03-05.11:52:00.638 [scheduling-1    ] INFO  UpdateAwardStockJob    - 定时任务，更新奖品消耗库存【延迟队列获取，降低对数据库的更新频次，不要产生竞争】
24-03-05.11:52:51.190 [main            ] INFO  RaffleStrategyTest     - Starting RaffleStrategyTest using Java 1.8.0_333 on upups-MacBook-Pro.local with PID 88752 (started by kirito in /Users/kirito/IdeaStudyProject/big-market/big-market-app)
24-03-05.11:52:51.192 [main            ] INFO  RaffleStrategyTest     - The following 1 profile is active: "dev"
24-03-05.11:52:53.072 [main            ] INFO  RepositoryConfigurationDelegate - Multiple Spring Data modules found, entering strict repository configuration mode
24-03-05.11:52:53.079 [main            ] INFO  RepositoryConfigurationDelegate - Bootstrapping Spring Data Redis repositories in DEFAULT mode.
24-03-05.11:52:53.158 [main            ] INFO  RepositoryConfigurationDelegate - Finished Spring Data repository scanning in 64 ms. Found 0 Redis repository interfaces.
24-03-05.11:52:55.648 [main            ] INFO  Version                - Redisson 3.23.4
24-03-05.11:52:55.728 [main            ] WARN  DnsServerAddressStreamProviders - Can not find io.netty.resolver.dns.macos.MacOSDnsServerAddressStreamProvider in the classpath, fallback to system defaults. This may result in incorrect DNS resolutions on MacOS. Check whether you have a dependency on 'io.netty:netty-resolver-dns-native-macos'
24-03-05.11:52:56.134 [redisson-netty-2-4] INFO  MasterPubSubConnectionPool - 1 connections initialized for 127.0.0.1/127.0.0.1:6379
24-03-05.11:52:56.173 [redisson-netty-2-13] INFO  MasterConnectionPool   - 5 connections initialized for 127.0.0.1/127.0.0.1:6379
24-03-05.11:52:59.691 [main            ] INFO  EndpointLinksResolver  - Exposing 1 endpoint(s) beneath base path '/actuator'
24-03-05.11:52:59.930 [main            ] INFO  RaffleStrategyTest     - Started RaffleStrategyTest in 9.374 seconds (JVM running for 11.018)
24-03-05.11:53:00.008 [scheduling-1    ] INFO  UpdateAwardStockJob    - 定时任务，更新奖品消耗库存【延迟队列获取，降低对数据库的更新频次，不要产生竞争】
24-03-05.11:53:00.629 [main            ] INFO  HikariDataSource       - HikariPool-1 - Starting...
24-03-05.11:53:00.884 [main            ] INFO  HikariDataSource       - HikariPool-1 - Start completed.
24-03-05.11:53:01.038 [main            ] INFO  RaffleStrategyTest     - 测试结果：true
24-03-05.11:53:01.089 [main            ] INFO  DefaultLogicChain      - 抽奖责任链-默认处理 userId: upup strategyId: 100006 ruleModel: default awardId: 102
24-03-05.11:53:01.092 [main            ] INFO  AbstractRaffleStrategy - 抽奖策略计算-责任链 upup 100006 102 default
24-03-05.11:53:01.140 [main            ] INFO  RuleLockLogicTreeNode  - 规则过滤-次数锁 userId:upup strategyId:100006 awardId:102
24-03-05.11:53:01.143 [main            ] INFO  DecisionTreeEngine     - 决策树引擎【规则树】treeId:tree_lock node:rule_lock code:0000
24-03-05.11:53:01.143 [main            ] INFO  RuleStockLogicTreeNode - 规则过滤-库存扣减 userId:upup strategyId:100006 awardId:102
24-03-05.11:53:01.151 [main            ] INFO  RuleStockLogicTreeNode - 规则过滤-库存扣减-成功 userId:upup strategyId:100006 awardId:102
24-03-05.11:53:01.196 [main            ] INFO  DecisionTreeEngine     - 决策树引擎【规则树】treeId:tree_lock node:rule_stock code:0001
24-03-05.11:53:01.196 [main            ] INFO  RuleLuckAwardLogicTreeNode - 规则过滤-兜底奖品 userId:upup strategyId:100006 awardId:102 ruleValue:1
24-03-05.11:53:01.196 [main            ] INFO  RuleLuckAwardLogicTreeNode - 规则过滤-兜底奖品 userId:upup strategyId:100006 awardId:1 awardRuleValue:
24-03-05.11:53:01.196 [main            ] INFO  DecisionTreeEngine     - 决策树引擎【规则树】treeId:tree_lock node:rule_luck_award code:0001
24-03-05.11:53:01.196 [main            ] INFO  AbstractRaffleStrategy - 抽奖策略计算-规则树 upup 100006 1 
24-03-05.11:53:01.356 [main            ] INFO  RaffleStrategyTest     - 请求参数：{"strategyId":100006,"userId":"upup"}
24-03-05.11:53:01.379 [main            ] INFO  RaffleStrategyTest     - 测试结果：{"awardConfig":"","awardId":1}
24-03-05.11:53:01.389 [main            ] INFO  DefaultLogicChain      - 抽奖责任链-默认处理 userId: upup strategyId: 100006 ruleModel: default awardId: 102
24-03-05.11:53:01.390 [main            ] INFO  AbstractRaffleStrategy - 抽奖策略计算-责任链 upup 100006 102 default
24-03-05.11:53:01.403 [main            ] INFO  RuleLockLogicTreeNode  - 规则过滤-次数锁 userId:upup strategyId:100006 awardId:102
24-03-05.11:53:01.403 [main            ] INFO  DecisionTreeEngine     - 决策树引擎【规则树】treeId:tree_lock node:rule_lock code:0000
24-03-05.11:53:01.403 [main            ] INFO  RuleStockLogicTreeNode - 规则过滤-库存扣减 userId:upup strategyId:100006 awardId:102
24-03-05.11:53:01.408 [main            ] INFO  RuleStockLogicTreeNode - 规则过滤-库存扣减-成功 userId:upup strategyId:100006 awardId:102
24-03-05.11:53:01.412 [main            ] INFO  DecisionTreeEngine     - 决策树引擎【规则树】treeId:tree_lock node:rule_stock code:0001
24-03-05.11:53:01.412 [main            ] INFO  RuleLuckAwardLogicTreeNode - 规则过滤-兜底奖品 userId:upup strategyId:100006 awardId:102 ruleValue:1
24-03-05.11:53:01.412 [main            ] INFO  RuleLuckAwardLogicTreeNode - 规则过滤-兜底奖品 userId:upup strategyId:100006 awardId:1 awardRuleValue:
24-03-05.11:53:01.412 [main            ] INFO  DecisionTreeEngine     - 决策树引擎【规则树】treeId:tree_lock node:rule_luck_award code:0001
24-03-05.11:53:01.412 [main            ] INFO  AbstractRaffleStrategy - 抽奖策略计算-规则树 upup 100006 1 
24-03-05.11:53:01.412 [main            ] INFO  RaffleStrategyTest     - 请求参数：{"strategyId":100006,"userId":"upup"}
24-03-05.11:53:01.412 [main            ] INFO  RaffleStrategyTest     - 测试结果：{"awardConfig":"","awardId":1}
24-03-05.11:53:01.422 [main            ] INFO  DefaultLogicChain      - 抽奖责任链-默认处理 userId: upup strategyId: 100006 ruleModel: default awardId: 102
24-03-05.11:53:01.423 [main            ] INFO  AbstractRaffleStrategy - 抽奖策略计算-责任链 upup 100006 102 default
24-03-05.11:53:01.439 [main            ] INFO  RuleLockLogicTreeNode  - 规则过滤-次数锁 userId:upup strategyId:100006 awardId:102
24-03-05.11:53:01.440 [main            ] INFO  DecisionTreeEngine     - 决策树引擎【规则树】treeId:tree_lock node:rule_lock code:0000
24-03-05.11:53:01.440 [main            ] INFO  RuleStockLogicTreeNode - 规则过滤-库存扣减 userId:upup strategyId:100006 awardId:102
24-03-05.11:53:01.446 [main            ] INFO  RuleStockLogicTreeNode - 规则过滤-库存扣减-成功 userId:upup strategyId:100006 awardId:102
24-03-05.11:53:01.451 [main            ] INFO  DecisionTreeEngine     - 决策树引擎【规则树】treeId:tree_lock node:rule_stock code:0001
24-03-05.11:53:01.452 [main            ] INFO  RuleLuckAwardLogicTreeNode - 规则过滤-兜底奖品 userId:upup strategyId:100006 awardId:102 ruleValue:1
24-03-05.11:53:01.452 [main            ] INFO  RuleLuckAwardLogicTreeNode - 规则过滤-兜底奖品 userId:upup strategyId:100006 awardId:1 awardRuleValue:
24-03-05.11:53:01.452 [main            ] INFO  DecisionTreeEngine     - 决策树引擎【规则树】treeId:tree_lock node:rule_luck_award code:0001
24-03-05.11:53:01.452 [main            ] INFO  AbstractRaffleStrategy - 抽奖策略计算-规则树 upup 100006 1 
24-03-05.11:53:01.452 [main            ] INFO  RaffleStrategyTest     - 请求参数：{"strategyId":100006,"userId":"upup"}
24-03-05.11:53:01.452 [main            ] INFO  RaffleStrategyTest     - 测试结果：{"awardConfig":"","awardId":1}
24-03-05.11:53:05.006 [scheduling-1    ] INFO  UpdateAwardStockJob    - 定时任务，更新奖品消耗库存【延迟队列获取，降低对数据库的更新频次，不要产生竞争】
24-03-05.11:53:05.016 [scheduling-1    ] INFO  UpdateAwardStockJob    - 定时任务，更新奖品消耗库存 strategyId:100006 awardId:102
24-03-05.11:53:10.006 [scheduling-1    ] INFO  UpdateAwardStockJob    - 定时任务，更新奖品消耗库存【延迟队列获取，降低对数据库的更新频次，不要产生竞争】
24-03-05.11:53:10.015 [scheduling-1    ] INFO  UpdateAwardStockJob    - 定时任务，更新奖品消耗库存 strategyId:100006 awardId:102
24-03-05.11:53:15.001 [scheduling-1    ] INFO  UpdateAwardStockJob    - 定时任务，更新奖品消耗库存【延迟队列获取，降低对数据库的更新频次，不要产生竞争】
24-03-05.11:53:15.010 [scheduling-1    ] INFO  UpdateAwardStockJob    - 定时任务，更新奖品消耗库存 strategyId:100006 awardId:102
24-03-05.11:53:20.004 [scheduling-1    ] INFO  UpdateAwardStockJob    - 定时任务，更新奖品消耗库存【延迟队列获取，降低对数据库的更新频次，不要产生竞争】
24-03-05.11:53:25.006 [scheduling-1    ] INFO  UpdateAwardStockJob    - 定时任务，更新奖品消耗库存【延迟队列获取，降低对数据库的更新频次，不要产生竞争】
24-03-05.11:53:30.006 [scheduling-1    ] INFO  UpdateAwardStockJob    - 定时任务，更新奖品消耗库存【延迟队列获取，降低对数据库的更新频次，不要产生竞争】
24-03-05.11:53:35.005 [scheduling-1    ] INFO  UpdateAwardStockJob    - 定时任务，更新奖品消耗库存【延迟队列获取，降低对数据库的更新频次，不要产生竞争】
24-03-05.11:53:40.006 [scheduling-1    ] INFO  UpdateAwardStockJob    - 定时任务，更新奖品消耗库存【延迟队列获取，降低对数据库的更新频次，不要产生竞争】
24-03-05.11:53:45.005 [scheduling-1    ] INFO  UpdateAwardStockJob    - 定时任务，更新奖品消耗库存【延迟队列获取，降低对数据库的更新频次，不要产生竞争】
24-03-05.11:53:50.006 [scheduling-1    ] INFO  UpdateAwardStockJob    - 定时任务，更新奖品消耗库存【延迟队列获取，降低对数据库的更新频次，不要产生竞争】
24-03-05.11:53:55.004 [scheduling-1    ] INFO  UpdateAwardStockJob    - 定时任务，更新奖品消耗库存【延迟队列获取，降低对数据库的更新频次，不要产生竞争】
24-03-05.11:54:00.005 [scheduling-1    ] INFO  UpdateAwardStockJob    - 定时任务，更新奖品消耗库存【延迟队列获取，降低对数据库的更新频次，不要产生竞争】
24-03-05.11:54:03.450 [SpringApplicationShutdownHook] INFO  HikariDataSource       - HikariPool-1 - Shutdown initiated...
24-03-05.11:54:03.462 [SpringApplicationShutdownHook] INFO  HikariDataSource       - HikariPool-1 - Shutdown completed.
24-03-05.11:54:10.177 [main            ] INFO  RaffleStrategyTest     - Starting RaffleStrategyTest using Java 1.8.0_333 on upups-MacBook-Pro.local with PID 88864 (started by kirito in /Users/kirito/IdeaStudyProject/big-market/big-market-app)
24-03-05.11:54:10.179 [main            ] INFO  RaffleStrategyTest     - The following 1 profile is active: "dev"
24-03-05.11:54:12.012 [main            ] INFO  RepositoryConfigurationDelegate - Multiple Spring Data modules found, entering strict repository configuration mode
24-03-05.11:54:12.016 [main            ] INFO  RepositoryConfigurationDelegate - Bootstrapping Spring Data Redis repositories in DEFAULT mode.
24-03-05.11:54:12.072 [main            ] INFO  RepositoryConfigurationDelegate - Finished Spring Data repository scanning in 40 ms. Found 0 Redis repository interfaces.
24-03-05.11:54:14.386 [main            ] INFO  Version                - Redisson 3.23.4
24-03-05.11:54:14.463 [main            ] WARN  DnsServerAddressStreamProviders - Can not find io.netty.resolver.dns.macos.MacOSDnsServerAddressStreamProvider in the classpath, fallback to system defaults. This may result in incorrect DNS resolutions on MacOS. Check whether you have a dependency on 'io.netty:netty-resolver-dns-native-macos'
24-03-05.11:54:14.872 [redisson-netty-2-5] INFO  MasterPubSubConnectionPool - 1 connections initialized for 127.0.0.1/127.0.0.1:6379
24-03-05.11:54:14.915 [redisson-netty-2-13] INFO  MasterConnectionPool   - 5 connections initialized for 127.0.0.1/127.0.0.1:6379
24-03-05.11:54:18.755 [main            ] INFO  EndpointLinksResolver  - Exposing 1 endpoint(s) beneath base path '/actuator'
24-03-05.11:54:19.479 [main            ] INFO  RaffleStrategyTest     - Started RaffleStrategyTest in 9.892 seconds (JVM running for 11.11)
24-03-05.11:54:20.005 [scheduling-1    ] INFO  UpdateAwardStockJob    - 定时任务，更新奖品消耗库存【延迟队列获取，降低对数据库的更新频次，不要产生竞争】
24-03-05.11:54:20.894 [main            ] INFO  RaffleStrategyTest     - 测试结果：true
24-03-05.11:54:20.919 [main            ] INFO  DefaultLogicChain      - 抽奖责任链-默认处理 userId: upup strategyId: 100006 ruleModel: default awardId: 102
24-03-05.11:54:20.920 [main            ] INFO  AbstractRaffleStrategy - 抽奖策略计算-责任链 upup 100006 102 default
24-03-05.11:54:20.940 [main            ] INFO  HikariDataSource       - HikariPool-1 - Starting...
24-03-05.11:54:21.204 [main            ] INFO  HikariDataSource       - HikariPool-1 - Start completed.
24-03-05.11:54:21.282 [main            ] INFO  RuleLockLogicTreeNode  - 规则过滤-次数锁 userId:upup strategyId:100006 awardId:102
24-03-05.11:54:21.283 [main            ] INFO  DecisionTreeEngine     - 决策树引擎【规则树】treeId:tree_lock node:rule_lock code:0000
24-03-05.11:54:21.284 [main            ] INFO  RuleStockLogicTreeNode - 规则过滤-库存扣减 userId:upup strategyId:100006 awardId:102
24-03-05.11:54:21.288 [main            ] INFO  RuleStockLogicTreeNode - 规则过滤-库存扣减-成功 userId:upup strategyId:100006 awardId:102
24-03-05.11:54:21.350 [main            ] INFO  DecisionTreeEngine     - 决策树引擎【规则树】treeId:tree_lock node:rule_stock code:0001
24-03-05.11:54:21.353 [main            ] INFO  RuleLuckAwardLogicTreeNode - 规则过滤-兜底奖品 userId:upup strategyId:100006 awardId:102 ruleValue:1
24-03-05.11:54:21.354 [main            ] INFO  RuleLuckAwardLogicTreeNode - 规则过滤-兜底奖品 userId:upup strategyId:100006 awardId:1 awardRuleValue:
24-03-05.11:54:21.354 [main            ] INFO  DecisionTreeEngine     - 决策树引擎【规则树】treeId:tree_lock node:rule_luck_award code:0001
24-03-05.11:54:21.355 [main            ] INFO  AbstractRaffleStrategy - 抽奖策略计算-规则树 upup 100006 1 
24-03-05.11:54:21.514 [main            ] INFO  RaffleStrategyTest     - 请求参数：{"strategyId":100006,"userId":"upup"}
24-03-05.11:54:21.536 [main            ] INFO  RaffleStrategyTest     - 测试结果：{"awardConfig":"","awardId":1}
24-03-05.11:54:21.542 [main            ] INFO  DefaultLogicChain      - 抽奖责任链-默认处理 userId: upup strategyId: 100006 ruleModel: default awardId: 102
24-03-05.11:54:21.543 [main            ] INFO  AbstractRaffleStrategy - 抽奖策略计算-责任链 upup 100006 102 default
24-03-05.11:54:21.554 [main            ] INFO  RuleLockLogicTreeNode  - 规则过滤-次数锁 userId:upup strategyId:100006 awardId:102
24-03-05.11:54:21.555 [main            ] INFO  DecisionTreeEngine     - 决策树引擎【规则树】treeId:tree_lock node:rule_lock code:0000
24-03-05.11:54:21.556 [main            ] INFO  RuleStockLogicTreeNode - 规则过滤-库存扣减 userId:upup strategyId:100006 awardId:102
24-03-05.11:54:21.561 [main            ] INFO  RuleStockLogicTreeNode - 规则过滤-库存扣减-成功 userId:upup strategyId:100006 awardId:102
24-03-05.11:54:21.564 [main            ] INFO  DecisionTreeEngine     - 决策树引擎【规则树】treeId:tree_lock node:rule_stock code:0001
24-03-05.11:54:21.565 [main            ] INFO  RuleLuckAwardLogicTreeNode - 规则过滤-兜底奖品 userId:upup strategyId:100006 awardId:102 ruleValue:1
24-03-05.11:54:21.565 [main            ] INFO  RuleLuckAwardLogicTreeNode - 规则过滤-兜底奖品 userId:upup strategyId:100006 awardId:1 awardRuleValue:
24-03-05.11:54:21.565 [main            ] INFO  DecisionTreeEngine     - 决策树引擎【规则树】treeId:tree_lock node:rule_luck_award code:0001
24-03-05.11:54:21.565 [main            ] INFO  AbstractRaffleStrategy - 抽奖策略计算-规则树 upup 100006 1 
24-03-05.11:54:21.565 [main            ] INFO  RaffleStrategyTest     - 请求参数：{"strategyId":100006,"userId":"upup"}
24-03-05.11:54:21.565 [main            ] INFO  RaffleStrategyTest     - 测试结果：{"awardConfig":"","awardId":1}
24-03-05.11:54:21.571 [main            ] INFO  DefaultLogicChain      - 抽奖责任链-默认处理 userId: upup strategyId: 100006 ruleModel: default awardId: 102
24-03-05.11:54:21.572 [main            ] INFO  AbstractRaffleStrategy - 抽奖策略计算-责任链 upup 100006 102 default
24-03-05.11:54:21.582 [main            ] INFO  RuleLockLogicTreeNode  - 规则过滤-次数锁 userId:upup strategyId:100006 awardId:102
24-03-05.11:54:21.583 [main            ] INFO  DecisionTreeEngine     - 决策树引擎【规则树】treeId:tree_lock node:rule_lock code:0000
24-03-05.11:54:21.583 [main            ] INFO  RuleStockLogicTreeNode - 规则过滤-库存扣减 userId:upup strategyId:100006 awardId:102
24-03-05.11:54:21.587 [main            ] INFO  RuleStockLogicTreeNode - 规则过滤-库存扣减-成功 userId:upup strategyId:100006 awardId:102
24-03-05.11:54:21.590 [main            ] INFO  DecisionTreeEngine     - 决策树引擎【规则树】treeId:tree_lock node:rule_stock code:0001
24-03-05.11:54:21.590 [main            ] INFO  RuleLuckAwardLogicTreeNode - 规则过滤-兜底奖品 userId:upup strategyId:100006 awardId:102 ruleValue:1
24-03-05.11:54:21.591 [main            ] INFO  RuleLuckAwardLogicTreeNode - 规则过滤-兜底奖品 userId:upup strategyId:100006 awardId:1 awardRuleValue:
24-03-05.11:54:21.591 [main            ] INFO  DecisionTreeEngine     - 决策树引擎【规则树】treeId:tree_lock node:rule_luck_award code:0001
24-03-05.11:54:21.591 [main            ] INFO  AbstractRaffleStrategy - 抽奖策略计算-规则树 upup 100006 1 
24-03-05.11:54:21.591 [main            ] INFO  RaffleStrategyTest     - 请求参数：{"strategyId":100006,"userId":"upup"}
24-03-05.11:54:21.591 [main            ] INFO  RaffleStrategyTest     - 测试结果：{"awardConfig":"","awardId":1}
24-03-05.11:54:25.004 [scheduling-1    ] INFO  UpdateAwardStockJob    - 定时任务，更新奖品消耗库存【延迟队列获取，降低对数据库的更新频次，不要产生竞争】
24-03-05.11:54:25.015 [scheduling-1    ] INFO  UpdateAwardStockJob    - 定时任务，更新奖品消耗库存 strategyId:100006 awardId:102
24-03-05.11:54:30.008 [scheduling-1    ] INFO  UpdateAwardStockJob    - 定时任务，更新奖品消耗库存【延迟队列获取，降低对数据库的更新频次，不要产生竞争】
24-03-05.11:54:30.021 [scheduling-1    ] INFO  UpdateAwardStockJob    - 定时任务，更新奖品消耗库存 strategyId:100006 awardId:102
24-03-05.11:54:35.007 [scheduling-1    ] INFO  UpdateAwardStockJob    - 定时任务，更新奖品消耗库存【延迟队列获取，降低对数据库的更新频次，不要产生竞争】
24-03-05.11:54:35.020 [scheduling-1    ] INFO  UpdateAwardStockJob    - 定时任务，更新奖品消耗库存 strategyId:100006 awardId:102
24-03-05.11:54:40.003 [scheduling-1    ] INFO  UpdateAwardStockJob    - 定时任务，更新奖品消耗库存【延迟队列获取，降低对数据库的更新频次，不要产生竞争】
24-03-05.11:54:45.006 [scheduling-1    ] INFO  UpdateAwardStockJob    - 定时任务，更新奖品消耗库存【延迟队列获取，降低对数据库的更新频次，不要产生竞争】
24-03-05.11:54:50.006 [scheduling-1    ] INFO  UpdateAwardStockJob    - 定时任务，更新奖品消耗库存【延迟队列获取，降低对数据库的更新频次，不要产生竞争】
24-03-05.11:54:55.007 [scheduling-1    ] INFO  UpdateAwardStockJob    - 定时任务，更新奖品消耗库存【延迟队列获取，降低对数据库的更新频次，不要产生竞争】
24-03-05.11:55:00.007 [scheduling-1    ] INFO  UpdateAwardStockJob    - 定时任务，更新奖品消耗库存【延迟队列获取，降低对数据库的更新频次，不要产生竞争】
24-03-05.11:55:05.007 [scheduling-1    ] INFO  UpdateAwardStockJob    - 定时任务，更新奖品消耗库存【延迟队列获取，降低对数据库的更新频次，不要产生竞争】
24-03-05.11:55:10.005 [scheduling-1    ] INFO  UpdateAwardStockJob    - 定时任务，更新奖品消耗库存【延迟队列获取，降低对数据库的更新频次，不要产生竞争】
24-03-05.11:55:15.005 [scheduling-1    ] INFO  UpdateAwardStockJob    - 定时任务，更新奖品消耗库存【延迟队列获取，降低对数据库的更新频次，不要产生竞争】
24-03-05.11:55:20.002 [scheduling-1    ] INFO  UpdateAwardStockJob    - 定时任务，更新奖品消耗库存【延迟队列获取，降低对数据库的更新频次，不要产生竞争】
24-03-05.11:55:25.006 [scheduling-1    ] INFO  UpdateAwardStockJob    - 定时任务，更新奖品消耗库存【延迟队列获取，降低对数据库的更新频次，不要产生竞争】
24-03-05.11:55:30.001 [scheduling-1    ] INFO  UpdateAwardStockJob    - 定时任务，更新奖品消耗库存【延迟队列获取，降低对数据库的更新频次，不要产生竞争】
24-03-05.11:55:35.013 [scheduling-1    ] INFO  UpdateAwardStockJob    - 定时任务，更新奖品消耗库存【延迟队列获取，降低对数据库的更新频次，不要产生竞争】
24-03-05.11:55:40.001 [scheduling-1    ] INFO  UpdateAwardStockJob    - 定时任务，更新奖品消耗库存【延迟队列获取，降低对数据库的更新频次，不要产生竞争】
24-03-05.11:55:45.006 [scheduling-1    ] INFO  UpdateAwardStockJob    - 定时任务，更新奖品消耗库存【延迟队列获取，降低对数据库的更新频次，不要产生竞争】
24-03-05.11:55:50.006 [scheduling-1    ] INFO  UpdateAwardStockJob    - 定时任务，更新奖品消耗库存【延迟队列获取，降低对数据库的更新频次，不要产生竞争】
24-03-05.11:55:55.005 [scheduling-1    ] INFO  UpdateAwardStockJob    - 定时任务，更新奖品消耗库存【延迟队列获取，降低对数据库的更新频次，不要产生竞争】
24-03-05.11:56:00.015 [scheduling-1    ] INFO  UpdateAwardStockJob    - 定时任务，更新奖品消耗库存【延迟队列获取，降低对数据库的更新频次，不要产生竞争】
24-03-05.11:56:05.001 [scheduling-1    ] INFO  UpdateAwardStockJob    - 定时任务，更新奖品消耗库存【延迟队列获取，降低对数据库的更新频次，不要产生竞争】
24-03-05.11:56:10.002 [scheduling-1    ] INFO  UpdateAwardStockJob    - 定时任务，更新奖品消耗库存【延迟队列获取，降低对数据库的更新频次，不要产生竞争】
24-03-05.11:56:15.006 [scheduling-1    ] INFO  UpdateAwardStockJob    - 定时任务，更新奖品消耗库存【延迟队列获取，降低对数据库的更新频次，不要产生竞争】
24-03-05.11:56:20.007 [scheduling-1    ] INFO  UpdateAwardStockJob    - 定时任务，更新奖品消耗库存【延迟队列获取，降低对数据库的更新频次，不要产生竞争】
24-03-05.11:56:21.355 [SpringApplicationShutdownHook] INFO  HikariDataSource       - HikariPool-1 - Shutdown initiated...
24-03-05.11:56:21.377 [SpringApplicationShutdownHook] INFO  HikariDataSource       - HikariPool-1 - Shutdown completed.
24-03-05.11:57:20.258 [main            ] INFO  RaffleStrategyTest     - Starting RaffleStrategyTest using Java 1.8.0_333 on upups-MacBook-Pro.local with PID 89205 (started by kirito in /Users/kirito/IdeaStudyProject/big-market/big-market-app)
24-03-05.11:57:20.323 [main            ] INFO  RaffleStrategyTest     - The following 1 profile is active: "dev"
24-03-05.11:57:22.495 [main            ] INFO  RepositoryConfigurationDelegate - Multiple Spring Data modules found, entering strict repository configuration mode
24-03-05.11:57:22.499 [main            ] INFO  RepositoryConfigurationDelegate - Bootstrapping Spring Data Redis repositories in DEFAULT mode.
24-03-05.11:57:22.553 [main            ] INFO  RepositoryConfigurationDelegate - Finished Spring Data repository scanning in 38 ms. Found 0 Redis repository interfaces.
24-03-05.11:57:25.194 [main            ] INFO  Version                - Redisson 3.23.4
24-03-05.11:57:25.262 [main            ] WARN  DnsServerAddressStreamProviders - Can not find io.netty.resolver.dns.macos.MacOSDnsServerAddressStreamProvider in the classpath, fallback to system defaults. This may result in incorrect DNS resolutions on MacOS. Check whether you have a dependency on 'io.netty:netty-resolver-dns-native-macos'
24-03-05.11:57:25.693 [redisson-netty-2-4] INFO  MasterPubSubConnectionPool - 1 connections initialized for 127.0.0.1/127.0.0.1:6379
24-03-05.11:57:25.739 [redisson-netty-2-13] INFO  MasterConnectionPool   - 5 connections initialized for 127.0.0.1/127.0.0.1:6379
24-03-05.11:57:30.345 [main            ] INFO  EndpointLinksResolver  - Exposing 1 endpoint(s) beneath base path '/actuator'
24-03-05.11:57:30.597 [main            ] INFO  RaffleStrategyTest     - Started RaffleStrategyTest in 11.095 seconds (JVM running for 12.72)
24-03-05.12:00:09.364 [scheduling-1    ] INFO  UpdateAwardStockJob    - 定时任务，更新奖品消耗库存【延迟队列获取，降低对数据库的更新频次，不要产生竞争】
24-03-05.12:00:09.585 [main            ] INFO  HikariDataSource       - HikariPool-1 - Starting...
24-03-05.12:00:09.866 [main            ] INFO  HikariDataSource       - HikariPool-1 - Start completed.
24-03-05.12:00:10.565 [scheduling-1    ] INFO  UpdateAwardStockJob    - 定时任务，更新奖品消耗库存【延迟队列获取，降低对数据库的更新频次，不要产生竞争】
24-03-05.12:00:30.524 [scheduling-1    ] INFO  UpdateAwardStockJob    - 定时任务，更新奖品消耗库存【延迟队列获取，降低对数据库的更新频次，不要产生竞争】
24-03-05.12:00:30.656 [main            ] INFO  RaffleStrategyTest     - 测试结果：true
24-03-05.12:01:13.019 [HikariPool-1 housekeeper] WARN  HikariPool             - HikariPool-1 - Thread starvation or clock leap detected (housekeeper delta=57s726ms).
24-03-05.12:01:13.018 [scheduling-1    ] INFO  UpdateAwardStockJob    - 定时任务，更新奖品消耗库存【延迟队列获取，降低对数据库的更新频次，不要产生竞争】
24-03-05.12:01:16.489 [scheduling-1    ] INFO  UpdateAwardStockJob    - 定时任务，更新奖品消耗库存【延迟队列获取，降低对数据库的更新频次，不要产生竞争】
24-03-05.12:01:19.819 [main            ] INFO  DefaultLogicChain      - 抽奖责任链-默认处理 userId: upup strategyId: 100006 ruleModel: default awardId: 102
24-03-05.12:01:27.840 [main            ] INFO  AbstractRaffleStrategy - 抽奖策略计算-责任链 upup 100006 102 default
24-03-05.12:01:31.104 [scheduling-1    ] INFO  UpdateAwardStockJob    - 定时任务，更新奖品消耗库存【延迟队列获取，降低对数据库的更新频次，不要产生竞争】
24-03-05.12:01:31.179 [main            ] INFO  RuleLockLogicTreeNode  - 规则过滤-次数锁 userId:upup strategyId:100006 awardId:102
24-03-05.12:01:31.183 [main            ] INFO  DecisionTreeEngine     - 决策树引擎【规则树】treeId:tree_lock node:rule_lock code:0000
24-03-05.12:01:31.187 [main            ] INFO  RuleStockLogicTreeNode - 规则过滤-库存扣减 userId:upup strategyId:100006 awardId:102
24-03-05.12:01:31.194 [main            ] INFO  RuleStockLogicTreeNode - 规则过滤-库存扣减-成功 userId:upup strategyId:100006 awardId:102
24-03-05.12:01:31.301 [main            ] INFO  DecisionTreeEngine     - 决策树引擎【规则树】treeId:tree_lock node:rule_stock code:0001
24-03-05.12:01:31.302 [main            ] INFO  RuleLuckAwardLogicTreeNode - 规则过滤-兜底奖品 userId:upup strategyId:100006 awardId:102 ruleValue:1
24-03-05.12:01:31.302 [main            ] INFO  RuleLuckAwardLogicTreeNode - 规则过滤-兜底奖品 userId:upup strategyId:100006 awardId:1 awardRuleValue:
24-03-05.12:01:31.302 [main            ] INFO  DecisionTreeEngine     - 决策树引擎【规则树】treeId:tree_lock node:rule_luck_award code:0001
24-03-05.12:01:32.262 [main            ] INFO  AbstractRaffleStrategy - 抽奖策略计算-规则树 upup 100006 1 
24-03-05.12:02:18.290 [HikariPool-1 housekeeper] WARN  HikariPool             - HikariPool-1 - Thread starvation or clock leap detected (housekeeper delta=1m10s585ms).
24-03-05.12:02:18.290 [scheduling-1    ] INFO  UpdateAwardStockJob    - 定时任务，更新奖品消耗库存【延迟队列获取，降低对数据库的更新频次，不要产生竞争】
24-03-05.12:02:18.330 [scheduling-1    ] INFO  UpdateAwardStockJob    - 定时任务，更新奖品消耗库存 strategyId:100006 awardId:102
24-03-05.12:02:18.560 [main            ] INFO  RaffleStrategyTest     - 请求参数：{"strategyId":100006,"userId":"upup"}
24-03-05.12:02:18.581 [main            ] INFO  RaffleStrategyTest     - 测试结果：{"awardConfig":"","awardId":1}
24-03-05.12:02:21.184 [scheduling-1    ] INFO  UpdateAwardStockJob    - 定时任务，更新奖品消耗库存【延迟队列获取，降低对数据库的更新频次，不要产生竞争】
24-03-05.12:02:28.942 [main            ] INFO  DefaultLogicChain      - 抽奖责任链-默认处理 userId: upup strategyId: 100006 ruleModel: default awardId: 102
24-03-05.12:02:34.904 [main            ] INFO  AbstractRaffleStrategy - 抽奖策略计算-责任链 upup 100006 102 default
24-03-05.12:02:31.330 [scheduling-1    ] INFO  UpdateAwardStockJob    - 定时任务，更新奖品消耗库存【延迟队列获取，降低对数据库的更新频次，不要产生竞争】
24-03-05.12:02:36.076 [main            ] INFO  RuleLockLogicTreeNode  - 规则过滤-次数锁 userId:upup strategyId:100006 awardId:102
24-03-05.12:02:36.077 [main            ] INFO  DecisionTreeEngine     - 决策树引擎【规则树】treeId:tree_lock node:rule_lock code:0000
24-03-05.12:02:36.077 [main            ] INFO  RuleStockLogicTreeNode - 规则过滤-库存扣减 userId:upup strategyId:100006 awardId:102
24-03-05.12:02:36.084 [main            ] INFO  RuleStockLogicTreeNode - 规则过滤-库存扣减-成功 userId:upup strategyId:100006 awardId:102
24-03-05.12:02:36.091 [main            ] INFO  DecisionTreeEngine     - 决策树引擎【规则树】treeId:tree_lock node:rule_stock code:0001
24-03-05.12:02:36.091 [main            ] INFO  RuleLuckAwardLogicTreeNode - 规则过滤-兜底奖品 userId:upup strategyId:100006 awardId:102 ruleValue:1
24-03-05.12:02:36.092 [main            ] INFO  RuleLuckAwardLogicTreeNode - 规则过滤-兜底奖品 userId:upup strategyId:100006 awardId:1 awardRuleValue:
24-03-05.12:02:36.092 [main            ] INFO  DecisionTreeEngine     - 决策树引擎【规则树】treeId:tree_lock node:rule_luck_award code:0001
24-03-05.12:02:36.663 [main            ] INFO  AbstractRaffleStrategy - 抽奖策略计算-规则树 upup 100006 1 
24-03-05.12:03:29.022 [HikariPool-1 housekeeper] WARN  HikariPool             - HikariPool-1 - Thread starvation or clock leap detected (housekeeper delta=1m10s733ms).
24-03-05.12:03:29.025 [main            ] INFO  RaffleStrategyTest     - 请求参数：{"strategyId":100006,"userId":"upup"}
24-03-05.12:03:29.022 [scheduling-1    ] INFO  UpdateAwardStockJob    - 定时任务，更新奖品消耗库存【延迟队列获取，降低对数据库的更新频次，不要产生竞争】
24-03-05.12:03:29.033 [main            ] INFO  RaffleStrategyTest     - 测试结果：{"awardConfig":"","awardId":1}
24-03-05.12:03:35.675 [scheduling-1    ] INFO  UpdateAwardStockJob    - 定时任务，更新奖品消耗库存 strategyId:100006 awardId:102
24-03-05.12:03:40.342 [main            ] INFO  DefaultLogicChain      - 抽奖责任链-默认处理 userId: upup strategyId: 100006 ruleModel: default awardId: 102
24-03-05.12:03:45.514 [main            ] INFO  AbstractRaffleStrategy - 抽奖策略计算-责任链 upup 100006 102 default
24-03-05.12:04:04.717 [main            ] INFO  RuleLockLogicTreeNode  - 规则过滤-次数锁 userId:upup strategyId:100006 awardId:102
24-03-05.12:04:04.719 [main            ] INFO  DecisionTreeEngine     - 决策树引擎【规则树】treeId:tree_lock node:rule_lock code:0000
24-03-05.12:04:04.720 [main            ] INFO  RuleStockLogicTreeNode - 规则过滤-库存扣减 userId:upup strategyId:100006 awardId:102
24-03-05.12:04:04.723 [scheduling-1    ] INFO  UpdateAwardStockJob    - 定时任务，更新奖品消耗库存【延迟队列获取，降低对数据库的更新频次，不要产生竞争】
24-03-05.12:04:04.740 [main            ] INFO  RuleStockLogicTreeNode - 规则过滤-库存扣减-成功 userId:upup strategyId:100006 awardId:102
24-03-05.12:04:04.750 [main            ] INFO  DecisionTreeEngine     - 决策树引擎【规则树】treeId:tree_lock node:rule_stock code:0001
24-03-05.12:04:04.751 [main            ] INFO  RuleLuckAwardLogicTreeNode - 规则过滤-兜底奖品 userId:upup strategyId:100006 awardId:102 ruleValue:1
24-03-05.12:04:04.751 [main            ] INFO  RuleLuckAwardLogicTreeNode - 规则过滤-兜底奖品 userId:upup strategyId:100006 awardId:1 awardRuleValue:
24-03-05.12:04:04.751 [main            ] INFO  DecisionTreeEngine     - 决策树引擎【规则树】treeId:tree_lock node:rule_luck_award code:0001
24-03-05.12:04:49.828 [scheduling-1    ] INFO  UpdateAwardStockJob    - 定时任务，更新奖品消耗库存【延迟队列获取，降低对数据库的更新频次，不要产生竞争】
24-03-05.12:04:49.827 [main            ] INFO  AbstractRaffleStrategy - 抽奖策略计算-规则树 upup 100006 1 
24-03-05.12:04:49.827 [HikariPool-1 housekeeper] WARN  HikariPool             - HikariPool-1 - Thread starvation or clock leap detected (housekeeper delta=45s101ms).
24-03-05.12:04:49.835 [main            ] INFO  RaffleStrategyTest     - 请求参数：{"strategyId":100006,"userId":"upup"}
24-03-05.12:04:49.837 [main            ] INFO  RaffleStrategyTest     - 测试结果：{"awardConfig":"","awardId":1}
24-03-05.12:04:50.006 [scheduling-1    ] INFO  UpdateAwardStockJob    - 定时任务，更新奖品消耗库存【延迟队列获取，降低对数据库的更新频次，不要产生竞争】
24-03-05.12:04:50.020 [scheduling-1    ] INFO  UpdateAwardStockJob    - 定时任务，更新奖品消耗库存 strategyId:100006 awardId:102
24-03-05.12:04:55.005 [scheduling-1    ] INFO  UpdateAwardStockJob    - 定时任务，更新奖品消耗库存【延迟队列获取，降低对数据库的更新频次，不要产生竞争】
24-03-05.12:05:00.001 [scheduling-1    ] INFO  UpdateAwardStockJob    - 定时任务，更新奖品消耗库存【延迟队列获取，降低对数据库的更新频次，不要产生竞争】
24-03-05.12:05:04.237 [SpringApplicationShutdownHook] INFO  HikariDataSource       - HikariPool-1 - Shutdown initiated...
24-03-05.12:05:04.252 [SpringApplicationShutdownHook] INFO  HikariDataSource       - HikariPool-1 - Shutdown completed.
24-03-05.12:05:09.778 [main            ] INFO  RaffleStrategyTest     - Starting RaffleStrategyTest using Java 1.8.0_333 on upups-MacBook-Pro.local with PID 89945 (started by kirito in /Users/kirito/IdeaStudyProject/big-market/big-market-app)
24-03-05.12:05:09.781 [main            ] INFO  RaffleStrategyTest     - The following 1 profile is active: "dev"
24-03-05.12:05:11.685 [main            ] INFO  RepositoryConfigurationDelegate - Multiple Spring Data modules found, entering strict repository configuration mode
24-03-05.12:05:11.696 [main            ] INFO  RepositoryConfigurationDelegate - Bootstrapping Spring Data Redis repositories in DEFAULT mode.
24-03-05.12:05:11.795 [main            ] INFO  RepositoryConfigurationDelegate - Finished Spring Data repository scanning in 72 ms. Found 0 Redis repository interfaces.
24-03-05.12:05:14.727 [main            ] INFO  Version                - Redisson 3.23.4
24-03-05.12:05:14.813 [main            ] WARN  DnsServerAddressStreamProviders - Can not find io.netty.resolver.dns.macos.MacOSDnsServerAddressStreamProvider in the classpath, fallback to system defaults. This may result in incorrect DNS resolutions on MacOS. Check whether you have a dependency on 'io.netty:netty-resolver-dns-native-macos'
24-03-05.12:05:15.298 [redisson-netty-2-5] INFO  MasterPubSubConnectionPool - 1 connections initialized for 127.0.0.1/127.0.0.1:6379
24-03-05.12:05:15.354 [redisson-netty-2-13] INFO  MasterConnectionPool   - 5 connections initialized for 127.0.0.1/127.0.0.1:6379
24-03-05.12:05:19.160 [main            ] INFO  EndpointLinksResolver  - Exposing 1 endpoint(s) beneath base path '/actuator'
24-03-05.12:05:19.314 [main            ] INFO  RaffleStrategyTest     - Started RaffleStrategyTest in 10.407 seconds (JVM running for 12.041)
24-03-05.12:05:20.004 [scheduling-1    ] INFO  UpdateAwardStockJob    - 定时任务，更新奖品消耗库存【延迟队列获取，降低对数据库的更新频次，不要产生竞争】
24-03-05.12:05:31.351 [scheduling-1    ] INFO  UpdateAwardStockJob    - 定时任务，更新奖品消耗库存【延迟队列获取，降低对数据库的更新频次，不要产生竞争】
24-03-05.12:05:31.428 [main            ] INFO  RaffleStrategyTest     - 测试结果：true
24-03-05.12:05:35.513 [scheduling-1    ] INFO  UpdateAwardStockJob    - 定时任务，更新奖品消耗库存【延迟队列获取，降低对数据库的更新频次，不要产生竞争】
24-03-05.12:05:45.281 [scheduling-1    ] INFO  UpdateAwardStockJob    - 定时任务，更新奖品消耗库存【延迟队列获取，降低对数据库的更新频次，不要产生竞争】
24-03-05.12:05:45.301 [main            ] INFO  DefaultLogicChain      - 抽奖责任链-默认处理 userId: upup strategyId: 100006 ruleModel: default awardId: 102
24-03-05.12:05:45.305 [main            ] INFO  AbstractRaffleStrategy - 抽奖策略计算-责任链 upup 100006 102 default
24-03-05.12:05:54.046 [scheduling-1    ] INFO  UpdateAwardStockJob    - 定时任务，更新奖品消耗库存【延迟队列获取，降低对数据库的更新频次，不要产生竞争】
24-03-05.12:05:54.110 [main            ] INFO  HikariDataSource       - HikariPool-1 - Starting...
24-03-05.12:05:54.395 [main            ] INFO  HikariDataSource       - HikariPool-1 - Start completed.
24-03-05.12:05:54.492 [main            ] INFO  RuleLockLogicTreeNode  - 规则过滤-次数锁 userId:upup strategyId:100006 awardId:102
24-03-05.12:05:54.494 [main            ] INFO  DecisionTreeEngine     - 决策树引擎【规则树】treeId:tree_lock node:rule_lock code:0000
24-03-05.12:05:54.494 [main            ] INFO  RuleStockLogicTreeNode - 规则过滤-库存扣减 userId:upup strategyId:100006 awardId:102
24-03-05.12:05:54.511 [main            ] INFO  RuleStockLogicTreeNode - 规则过滤-库存扣减-成功 userId:upup strategyId:100006 awardId:102
24-03-05.12:05:54.590 [main            ] INFO  DecisionTreeEngine     - 决策树引擎【规则树】treeId:tree_lock node:rule_stock code:0001
24-03-05.12:05:54.592 [main            ] INFO  RuleLuckAwardLogicTreeNode - 规则过滤-兜底奖品 userId:upup strategyId:100006 awardId:102 ruleValue:1
24-03-05.12:05:54.592 [main            ] INFO  RuleLuckAwardLogicTreeNode - 规则过滤-兜底奖品 userId:upup strategyId:100006 awardId:1 awardRuleValue:
24-03-05.12:05:54.592 [main            ] INFO  DecisionTreeEngine     - 决策树引擎【规则树】treeId:tree_lock node:rule_luck_award code:0001
24-03-05.12:05:54.592 [main            ] INFO  AbstractRaffleStrategy - 抽奖策略计算-规则树 upup 100006 1 
24-03-05.12:05:54.782 [main            ] INFO  RaffleStrategyTest     - 请求参数：{"strategyId":100006,"userId":"upup"}
24-03-05.12:05:54.805 [main            ] INFO  RaffleStrategyTest     - 测试结果：{"awardConfig":"","awardId":1}
24-03-05.12:05:59.196 [scheduling-1    ] INFO  UpdateAwardStockJob    - 定时任务，更新奖品消耗库存【延迟队列获取，降低对数据库的更新频次，不要产生竞争】
24-03-05.12:06:11.146 [scheduling-1    ] INFO  UpdateAwardStockJob    - 定时任务，更新奖品消耗库存【延迟队列获取，降低对数据库的更新频次，不要产生竞争】
24-03-05.12:06:11.162 [scheduling-1    ] INFO  UpdateAwardStockJob    - 定时任务，更新奖品消耗库存 strategyId:100006 awardId:102
24-03-05.12:06:34.522 [main            ] INFO  DefaultLogicChain      - 抽奖责任链-默认处理 userId: upup strategyId: 100006 ruleModel: default awardId: 102
24-03-05.12:06:41.847 [main            ] INFO  AbstractRaffleStrategy - 抽奖策略计算-责任链 upup 100006 102 default
24-03-05.12:06:52.574 [main            ] INFO  RuleLockLogicTreeNode  - 规则过滤-次数锁 userId:upup strategyId:100006 awardId:102
24-03-05.12:06:52.576 [main            ] INFO  DecisionTreeEngine     - 决策树引擎【规则树】treeId:tree_lock node:rule_lock code:0000
24-03-05.12:06:52.576 [main            ] INFO  RuleStockLogicTreeNode - 规则过滤-库存扣减 userId:upup strategyId:100006 awardId:102
24-03-05.12:06:52.586 [main            ] INFO  RuleStockLogicTreeNode - 规则过滤-库存扣减-成功 userId:upup strategyId:100006 awardId:102
24-03-05.12:06:52.593 [main            ] INFO  DecisionTreeEngine     - 决策树引擎【规则树】treeId:tree_lock node:rule_stock code:0001
24-03-05.12:06:52.594 [main            ] INFO  RuleLuckAwardLogicTreeNode - 规则过滤-兜底奖品 userId:upup strategyId:100006 awardId:102 ruleValue:1
24-03-05.12:06:52.594 [main            ] INFO  RuleLuckAwardLogicTreeNode - 规则过滤-兜底奖品 userId:upup strategyId:100006 awardId:1 awardRuleValue:
24-03-05.12:06:52.594 [main            ] INFO  DecisionTreeEngine     - 决策树引擎【规则树】treeId:tree_lock node:rule_luck_award code:0001
24-03-05.12:06:52.595 [main            ] INFO  AbstractRaffleStrategy - 抽奖策略计算-规则树 upup 100006 1 
24-03-05.12:06:52.595 [main            ] INFO  RaffleStrategyTest     - 请求参数：{"strategyId":100006,"userId":"upup"}
24-03-05.12:06:52.595 [main            ] INFO  RaffleStrategyTest     - 测试结果：{"awardConfig":"","awardId":1}
24-03-05.12:07:01.653 [scheduling-1    ] INFO  UpdateAwardStockJob    - 定时任务，更新奖品消耗库存【延迟队列获取，降低对数据库的更新频次，不要产生竞争】
24-03-05.12:07:07.751 [scheduling-1    ] INFO  UpdateAwardStockJob    - 定时任务，更新奖品消耗库存【延迟队列获取，降低对数据库的更新频次，不要产生竞争】
24-03-05.12:07:07.759 [scheduling-1    ] INFO  UpdateAwardStockJob    - 定时任务，更新奖品消耗库存 strategyId:100006 awardId:102
24-03-05.12:07:07.769 [main            ] INFO  DefaultLogicChain      - 抽奖责任链-默认处理 userId: upup strategyId: 100006 ruleModel: default awardId: 101
24-03-05.12:07:07.770 [main            ] INFO  AbstractRaffleStrategy - 抽奖策略计算-责任链 upup 100006 101 default
24-03-05.12:07:23.265 [main            ] INFO  RuleLockLogicTreeNode  - 规则过滤-次数锁 userId:upup strategyId:100006 awardId:101
24-03-05.12:07:22.760 [scheduling-1    ] INFO  UpdateAwardStockJob    - 定时任务，更新奖品消耗库存【延迟队列获取，降低对数据库的更新频次，不要产生竞争】
24-03-05.12:07:32.674 [main            ] INFO  DecisionTreeEngine     - 决策树引擎【规则树】treeId:tree_lock node:rule_lock code:0000
24-03-05.12:07:32.678 [main            ] INFO  RuleStockLogicTreeNode - 规则过滤-库存扣减 userId:upup strategyId:100006 awardId:101
24-03-05.12:07:32.692 [main            ] INFO  RuleStockLogicTreeNode - 规则过滤-库存扣减-成功 userId:upup strategyId:100006 awardId:101
24-03-05.12:07:32.701 [main            ] INFO  DecisionTreeEngine     - 决策树引擎【规则树】treeId:tree_lock node:rule_stock code:0001
24-03-05.12:07:32.703 [main            ] INFO  RuleLuckAwardLogicTreeNode - 规则过滤-兜底奖品 userId:upup strategyId:100006 awardId:101 ruleValue:1
24-03-05.12:07:32.703 [main            ] INFO  RuleLuckAwardLogicTreeNode - 规则过滤-兜底奖品 userId:upup strategyId:100006 awardId:1 awardRuleValue:
24-03-05.12:07:32.703 [main            ] INFO  DecisionTreeEngine     - 决策树引擎【规则树】treeId:tree_lock node:rule_luck_award code:0001
24-03-05.12:09:26.251 [HikariPool-1 housekeeper] WARN  HikariPool             - HikariPool-1 - Thread starvation or clock leap detected (housekeeper delta=2m18s496ms).
24-03-05.12:09:26.251 [scheduling-1    ] INFO  UpdateAwardStockJob    - 定时任务，更新奖品消耗库存【延迟队列获取，降低对数据库的更新频次，不要产生竞争】
24-03-05.12:09:26.255 [main            ] INFO  AbstractRaffleStrategy - 抽奖策略计算-规则树 upup 100006 1 
24-03-05.12:09:28.653 [main            ] INFO  RaffleStrategyTest     - 请求参数：{"strategyId":100006,"userId":"upup"}
24-03-05.12:09:28.667 [main            ] INFO  RaffleStrategyTest     - 测试结果：{"awardConfig":"","awardId":1}
24-03-05.12:09:30.006 [scheduling-1    ] INFO  UpdateAwardStockJob    - 定时任务，更新奖品消耗库存【延迟队列获取，降低对数据库的更新频次，不要产生竞争】
24-03-05.12:09:30.017 [scheduling-1    ] INFO  UpdateAwardStockJob    - 定时任务，更新奖品消耗库存 strategyId:100006 awardId:101
24-03-05.12:09:35.005 [scheduling-1    ] INFO  UpdateAwardStockJob    - 定时任务，更新奖品消耗库存【延迟队列获取，降低对数据库的更新频次，不要产生竞争】
24-03-05.12:09:37.337 [SpringApplicationShutdownHook] INFO  HikariDataSource       - HikariPool-1 - Shutdown initiated...
24-03-05.12:09:37.355 [SpringApplicationShutdownHook] INFO  HikariDataSource       - HikariPool-1 - Shutdown completed.
24-03-05.12:09:41.772 [main            ] INFO  RaffleStrategyTest     - Starting RaffleStrategyTest using Java 1.8.0_333 on upups-MacBook-Pro.local with PID 90263 (started by kirito in /Users/kirito/IdeaStudyProject/big-market/big-market-app)
24-03-05.12:09:41.773 [main            ] INFO  RaffleStrategyTest     - The following 1 profile is active: "dev"
24-03-05.12:09:43.377 [main            ] INFO  RepositoryConfigurationDelegate - Multiple Spring Data modules found, entering strict repository configuration mode
24-03-05.12:09:43.382 [main            ] INFO  RepositoryConfigurationDelegate - Bootstrapping Spring Data Redis repositories in DEFAULT mode.
24-03-05.12:09:43.439 [main            ] INFO  RepositoryConfigurationDelegate - Finished Spring Data repository scanning in 40 ms. Found 0 Redis repository interfaces.
24-03-05.12:09:45.779 [main            ] INFO  Version                - Redisson 3.23.4
24-03-05.12:09:45.856 [main            ] WARN  DnsServerAddressStreamProviders - Can not find io.netty.resolver.dns.macos.MacOSDnsServerAddressStreamProvider in the classpath, fallback to system defaults. This may result in incorrect DNS resolutions on MacOS. Check whether you have a dependency on 'io.netty:netty-resolver-dns-native-macos'
24-03-05.12:09:46.267 [redisson-netty-2-4] INFO  MasterPubSubConnectionPool - 1 connections initialized for 127.0.0.1/127.0.0.1:6379
24-03-05.12:09:46.307 [redisson-netty-2-13] INFO  MasterConnectionPool   - 5 connections initialized for 127.0.0.1/127.0.0.1:6379
24-03-05.12:09:49.260 [main            ] INFO  EndpointLinksResolver  - Exposing 1 endpoint(s) beneath base path '/actuator'
24-03-05.12:09:49.387 [main            ] INFO  RaffleStrategyTest     - Started RaffleStrategyTest in 8.296 seconds (JVM running for 9.615)
24-03-05.12:09:50.007 [scheduling-1    ] INFO  UpdateAwardStockJob    - 定时任务，更新奖品消耗库存【延迟队列获取，降低对数据库的更新频次，不要产生竞争】
24-03-05.12:13:35.189 [scheduling-1    ] INFO  UpdateAwardStockJob    - 定时任务，更新奖品消耗库存【延迟队列获取，降低对数据库的更新频次，不要产生竞争】
24-03-05.12:13:35.266 [main            ] INFO  RaffleStrategyTest     - 测试结果：true
24-03-05.12:13:40.879 [scheduling-1    ] INFO  UpdateAwardStockJob    - 定时任务，更新奖品消耗库存【延迟队列获取，降低对数据库的更新频次，不要产生竞争】
24-03-05.12:13:40.905 [main            ] INFO  DefaultLogicChain      - 抽奖责任链-默认处理 userId: upup strategyId: 100006 ruleModel: default awardId: 102
24-03-05.12:13:40.908 [main            ] INFO  AbstractRaffleStrategy - 抽奖策略计算-责任链 upup 100006 102 default
24-03-05.12:13:45.332 [scheduling-1    ] INFO  UpdateAwardStockJob    - 定时任务，更新奖品消耗库存【延迟队列获取，降低对数据库的更新频次，不要产生竞争】
24-03-05.12:13:45.387 [main            ] INFO  HikariDataSource       - HikariPool-1 - Starting...
24-03-05.12:13:45.674 [main            ] INFO  HikariDataSource       - HikariPool-1 - Start completed.
24-03-05.12:13:54.683 [scheduling-1    ] INFO  UpdateAwardStockJob    - 定时任务，更新奖品消耗库存【延迟队列获取，降低对数据库的更新频次，不要产生竞争】
24-03-05.12:13:54.684 [main            ] INFO  RuleLockLogicTreeNode  - 规则过滤-次数锁 userId:upup strategyId:100006 awardId:102
24-03-05.12:15:05.373 [main            ] INFO  DecisionTreeEngine     - 决策树引擎【规则树】treeId:tree_lock node:rule_lock code:0000
24-03-05.12:15:05.356 [HikariPool-1 housekeeper] WARN  HikariPool             - HikariPool-1 - Thread starvation or clock leap detected (housekeeper delta=1m10s663ms).
24-03-05.12:15:05.356 [scheduling-1    ] INFO  UpdateAwardStockJob    - 定时任务，更新奖品消耗库存【延迟队列获取，降低对数据库的更新频次，不要产生竞争】
24-03-05.12:15:07.595 [main            ] INFO  RuleStockLogicTreeNode - 规则过滤-库存扣减 userId:upup strategyId:100006 awardId:102
24-03-05.12:15:12.084 [scheduling-1    ] INFO  UpdateAwardStockJob    - 定时任务，更新奖品消耗库存【延迟队列获取，降低对数据库的更新频次，不要产生竞争】
24-03-05.12:15:13.039 [main            ] INFO  RuleStockLogicTreeNode - 规则过滤-库存扣减-成功 userId:upup strategyId:100006 awardId:102
24-03-05.12:15:16.277 [scheduling-1    ] INFO  UpdateAwardStockJob    - 定时任务，更新奖品消耗库存【延迟队列获取，降低对数据库的更新频次，不要产生竞争】
24-03-05.12:15:22.161 [scheduling-1    ] INFO  UpdateAwardStockJob    - 定时任务，更新奖品消耗库存【延迟队列获取，降低对数据库的更新频次，不要产生竞争】
24-03-05.12:16:02.008 [main            ] INFO  DecisionTreeEngine     - 决策树引擎【规则树】treeId:tree_lock node:rule_stock code:0001
24-03-05.12:16:07.743 [main            ] INFO  RuleLuckAwardLogicTreeNode - 规则过滤-兜底奖品 userId:upup strategyId:100006 awardId:102 ruleValue:1
24-03-05.12:16:06.708 [HikariPool-1 housekeeper] WARN  HikariPool             - HikariPool-1 - Thread starvation or clock leap detected (housekeeper delta=56s664ms).
24-03-05.12:17:37.858 [main            ] INFO  RuleLuckAwardLogicTreeNode - 规则过滤-兜底奖品 userId:upup strategyId:100006 awardId:1 awardRuleValue:
24-03-05.12:17:37.869 [main            ] INFO  DecisionTreeEngine     - 决策树引擎【规则树】treeId:tree_lock node:rule_luck_award code:0001
24-03-05.12:17:38.862 [main            ] INFO  AbstractRaffleStrategy - 抽奖策略计算-规则树 upup 100006 1 
24-03-05.12:17:39.811 [main            ] INFO  RaffleStrategyTest     - 请求参数：{"strategyId":100006,"userId":"upup"}
24-03-05.12:17:39.830 [main            ] INFO  RaffleStrategyTest     - 测试结果：{"awardConfig":"","awardId":1}
24-03-05.12:17:40.595 [scheduling-1    ] INFO  UpdateAwardStockJob    - 定时任务，更新奖品消耗库存【延迟队列获取，降低对数据库的更新频次，不要产生竞争】
24-03-05.12:17:40.611 [scheduling-1    ] INFO  UpdateAwardStockJob    - 定时任务，更新奖品消耗库存 strategyId:100006 awardId:102
24-03-05.12:17:40.638 [main            ] INFO  DefaultLogicChain      - 抽奖责任链-默认处理 userId: upup strategyId: 100006 ruleModel: default awardId: 102
24-03-05.12:17:40.639 [main            ] INFO  AbstractRaffleStrategy - 抽奖策略计算-责任链 upup 100006 102 default
24-03-05.12:17:53.831 [main            ] INFO  RuleLockLogicTreeNode  - 规则过滤-次数锁 userId:upup strategyId:100006 awardId:102
24-03-05.12:17:53.831 [scheduling-1    ] INFO  UpdateAwardStockJob    - 定时任务，更新奖品消耗库存【延迟队列获取，降低对数据库的更新频次，不要产生竞争】
24-03-05.12:17:53.835 [main            ] INFO  DecisionTreeEngine     - 决策树引擎【规则树】treeId:tree_lock node:rule_lock code:0000
24-03-05.12:17:54.526 [main            ] INFO  RuleStockLogicTreeNode - 规则过滤-库存扣减 userId:upup strategyId:100006 awardId:102
24-03-05.12:17:54.541 [main            ] INFO  RuleStockLogicTreeNode - 规则过滤-库存扣减-成功 userId:upup strategyId:100006 awardId:102
24-03-05.12:17:54.547 [main            ] INFO  DecisionTreeEngine     - 决策树引擎【规则树】treeId:tree_lock node:rule_stock code:0001
24-03-05.12:17:55.164 [main            ] INFO  RuleLuckAwardLogicTreeNode - 规则过滤-兜底奖品 userId:upup strategyId:100006 awardId:102 ruleValue:1
24-03-05.12:17:55.166 [scheduling-1    ] INFO  UpdateAwardStockJob    - 定时任务，更新奖品消耗库存【延迟队列获取，降低对数据库的更新频次，不要产生竞争】
24-03-05.12:17:55.173 [main            ] INFO  RuleLuckAwardLogicTreeNode - 规则过滤-兜底奖品 userId:upup strategyId:100006 awardId:1 awardRuleValue:
24-03-05.12:17:55.173 [main            ] INFO  DecisionTreeEngine     - 决策树引擎【规则树】treeId:tree_lock node:rule_luck_award code:0001
24-03-05.12:17:55.986 [main            ] INFO  AbstractRaffleStrategy - 抽奖策略计算-规则树 upup 100006 1 
24-03-05.12:17:56.750 [main            ] INFO  RaffleStrategyTest     - 请求参数：{"strategyId":100006,"userId":"upup"}
24-03-05.12:17:56.753 [main            ] INFO  RaffleStrategyTest     - 测试结果：{"awardConfig":"","awardId":1}
24-03-05.12:17:57.462 [main            ] INFO  DefaultLogicChain      - 抽奖责任链-默认处理 userId: upup strategyId: 100006 ruleModel: default awardId: 102
24-03-05.12:17:57.464 [main            ] INFO  AbstractRaffleStrategy - 抽奖策略计算-责任链 upup 100006 102 default
24-03-05.12:18:29.887 [main            ] INFO  RuleLockLogicTreeNode  - 规则过滤-次数锁 userId:upup strategyId:100006 awardId:102
24-03-05.12:18:29.887 [scheduling-1    ] INFO  UpdateAwardStockJob    - 定时任务，更新奖品消耗库存【延迟队列获取，降低对数据库的更新频次，不要产生竞争】
24-03-05.12:18:29.888 [HikariPool-1 housekeeper] WARN  HikariPool             - HikariPool-1 - Thread starvation or clock leap detected (housekeeper delta=2m27s872ms).
24-03-05.12:18:29.892 [main            ] INFO  DecisionTreeEngine     - 决策树引擎【规则树】treeId:tree_lock node:rule_lock code:0000
24-03-05.12:18:29.893 [main            ] INFO  RuleStockLogicTreeNode - 规则过滤-库存扣减 userId:upup strategyId:100006 awardId:102
24-03-05.12:18:29.909 [scheduling-1    ] INFO  UpdateAwardStockJob    - 定时任务，更新奖品消耗库存 strategyId:100006 awardId:102
24-03-05.12:18:29.909 [main            ] INFO  RuleStockLogicTreeNode - 规则过滤-库存扣减-成功 userId:upup strategyId:100006 awardId:102
24-03-05.12:18:29.917 [main            ] INFO  DecisionTreeEngine     - 决策树引擎【规则树】treeId:tree_lock node:rule_stock code:0001
24-03-05.12:18:29.918 [main            ] INFO  RuleLuckAwardLogicTreeNode - 规则过滤-兜底奖品 userId:upup strategyId:100006 awardId:102 ruleValue:1
24-03-05.12:18:29.919 [main            ] INFO  RuleLuckAwardLogicTreeNode - 规则过滤-兜底奖品 userId:upup strategyId:100006 awardId:1 awardRuleValue:
24-03-05.12:18:29.919 [main            ] INFO  DecisionTreeEngine     - 决策树引擎【规则树】treeId:tree_lock node:rule_luck_award code:0001
24-03-05.12:18:29.919 [main            ] INFO  AbstractRaffleStrategy - 抽奖策略计算-规则树 upup 100006 1 
24-03-05.12:18:29.919 [main            ] INFO  RaffleStrategyTest     - 请求参数：{"strategyId":100006,"userId":"upup"}
24-03-05.12:18:29.919 [main            ] INFO  RaffleStrategyTest     - 测试结果：{"awardConfig":"","awardId":1}
24-03-05.12:18:30.079 [SpringApplicationShutdownHook] INFO  HikariDataSource       - HikariPool-1 - Shutdown initiated...
24-03-05.12:18:30.093 [SpringApplicationShutdownHook] INFO  HikariDataSource       - HikariPool-1 - Shutdown completed.
24-03-05.12:18:36.943 [main            ] INFO  RaffleStrategyTest     - Starting RaffleStrategyTest using Java 1.8.0_333 on upups-MacBook-Pro.local with PID 91042 (started by kirito in /Users/kirito/IdeaStudyProject/big-market/big-market-app)
24-03-05.12:18:37.014 [main            ] INFO  RaffleStrategyTest     - The following 1 profile is active: "dev"
24-03-05.12:18:38.662 [main            ] INFO  RepositoryConfigurationDelegate - Multiple Spring Data modules found, entering strict repository configuration mode
24-03-05.12:18:38.666 [main            ] INFO  RepositoryConfigurationDelegate - Bootstrapping Spring Data Redis repositories in DEFAULT mode.
24-03-05.12:18:38.720 [main            ] INFO  RepositoryConfigurationDelegate - Finished Spring Data repository scanning in 38 ms. Found 0 Redis repository interfaces.
24-03-05.12:18:41.597 [main            ] INFO  Version                - Redisson 3.23.4
24-03-05.12:18:41.706 [main            ] WARN  DnsServerAddressStreamProviders - Can not find io.netty.resolver.dns.macos.MacOSDnsServerAddressStreamProvider in the classpath, fallback to system defaults. This may result in incorrect DNS resolutions on MacOS. Check whether you have a dependency on 'io.netty:netty-resolver-dns-native-macos'
24-03-05.12:18:42.258 [redisson-netty-2-5] INFO  MasterPubSubConnectionPool - 1 connections initialized for 127.0.0.1/127.0.0.1:6379
24-03-05.12:18:42.310 [redisson-netty-2-13] INFO  MasterConnectionPool   - 5 connections initialized for 127.0.0.1/127.0.0.1:6379
24-03-05.12:18:45.885 [main            ] INFO  EndpointLinksResolver  - Exposing 1 endpoint(s) beneath base path '/actuator'
24-03-05.12:18:46.038 [main            ] INFO  RaffleStrategyTest     - Started RaffleStrategyTest in 9.824 seconds (JVM running for 11.361)
24-03-05.12:18:46.952 [main            ] INFO  RaffleStrategyTest     - 测试结果：true
24-03-05.12:18:46.973 [main            ] INFO  DefaultLogicChain      - 抽奖责任链-默认处理 userId: upup strategyId: 100006 ruleModel: default awardId: 102
24-03-05.12:18:46.974 [main            ] INFO  AbstractRaffleStrategy - 抽奖策略计算-责任链 upup 100006 102 default
24-03-05.12:18:46.998 [main            ] INFO  HikariDataSource       - HikariPool-1 - Starting...
24-03-05.12:18:47.243 [main            ] INFO  HikariDataSource       - HikariPool-1 - Start completed.
24-03-05.12:18:47.299 [main            ] INFO  RuleLockLogicTreeNode  - 规则过滤-次数锁 userId:upup strategyId:100006 awardId:102
24-03-05.12:18:47.300 [main            ] INFO  DecisionTreeEngine     - 决策树引擎【规则树】treeId:tree_lock node:rule_lock code:0000
24-03-05.12:18:47.301 [main            ] INFO  RuleStockLogicTreeNode - 规则过滤-库存扣减 userId:upup strategyId:100006 awardId:102
24-03-05.12:18:47.308 [main            ] INFO  RuleStockLogicTreeNode - 规则过滤-库存扣减-成功 userId:upup strategyId:100006 awardId:102
24-03-05.12:18:47.369 [main            ] INFO  DecisionTreeEngine     - 决策树引擎【规则树】treeId:tree_lock node:rule_stock code:0001
24-03-05.12:18:47.370 [main            ] INFO  RuleLuckAwardLogicTreeNode - 规则过滤-兜底奖品 userId:upup strategyId:100006 awardId:102 ruleValue:101:1,100
24-03-05.12:18:47.371 [main            ] INFO  RuleLuckAwardLogicTreeNode - 规则过滤-兜底奖品 userId:upup strategyId:100006 awardId:101 awardRuleValue:1,100
24-03-05.12:18:47.372 [main            ] INFO  DecisionTreeEngine     - 决策树引擎【规则树】treeId:tree_lock node:rule_luck_award code:0001
24-03-05.12:18:47.372 [main            ] INFO  AbstractRaffleStrategy - 抽奖策略计算-规则树 upup 100006 101 1,100
24-03-05.12:18:47.622 [main            ] INFO  RaffleStrategyTest     - 请求参数：{"strategyId":100006,"userId":"upup"}
24-03-05.12:18:47.648 [main            ] INFO  RaffleStrategyTest     - 测试结果：{"awardConfig":"1,100","awardId":101}
24-03-05.12:18:47.673 [main            ] INFO  DefaultLogicChain      - 抽奖责任链-默认处理 userId: upup strategyId: 100006 ruleModel: default awardId: 102
24-03-05.12:18:47.673 [main            ] INFO  AbstractRaffleStrategy - 抽奖策略计算-责任链 upup 100006 102 default
24-03-05.12:18:47.688 [main            ] INFO  RuleLockLogicTreeNode  - 规则过滤-次数锁 userId:upup strategyId:100006 awardId:102
24-03-05.12:18:47.690 [main            ] INFO  DecisionTreeEngine     - 决策树引擎【规则树】treeId:tree_lock node:rule_lock code:0000
24-03-05.12:18:47.690 [main            ] INFO  RuleStockLogicTreeNode - 规则过滤-库存扣减 userId:upup strategyId:100006 awardId:102
24-03-05.12:18:47.696 [main            ] INFO  RuleStockLogicTreeNode - 规则过滤-库存扣减-成功 userId:upup strategyId:100006 awardId:102
24-03-05.12:18:47.701 [main            ] INFO  DecisionTreeEngine     - 决策树引擎【规则树】treeId:tree_lock node:rule_stock code:0001
24-03-05.12:18:47.701 [main            ] INFO  RuleLuckAwardLogicTreeNode - 规则过滤-兜底奖品 userId:upup strategyId:100006 awardId:102 ruleValue:101:1,100
24-03-05.12:18:47.702 [main            ] INFO  RuleLuckAwardLogicTreeNode - 规则过滤-兜底奖品 userId:upup strategyId:100006 awardId:101 awardRuleValue:1,100
24-03-05.12:18:47.702 [main            ] INFO  DecisionTreeEngine     - 决策树引擎【规则树】treeId:tree_lock node:rule_luck_award code:0001
24-03-05.12:18:47.702 [main            ] INFO  AbstractRaffleStrategy - 抽奖策略计算-规则树 upup 100006 101 1,100
24-03-05.12:18:47.702 [main            ] INFO  RaffleStrategyTest     - 请求参数：{"strategyId":100006,"userId":"upup"}
24-03-05.12:18:47.702 [main            ] INFO  RaffleStrategyTest     - 测试结果：{"awardConfig":"1,100","awardId":101}
24-03-05.12:18:47.710 [main            ] INFO  DefaultLogicChain      - 抽奖责任链-默认处理 userId: upup strategyId: 100006 ruleModel: default awardId: 102
24-03-05.12:18:47.710 [main            ] INFO  AbstractRaffleStrategy - 抽奖策略计算-责任链 upup 100006 102 default
24-03-05.12:18:47.719 [main            ] INFO  RuleLockLogicTreeNode  - 规则过滤-次数锁 userId:upup strategyId:100006 awardId:102
24-03-05.12:18:47.719 [main            ] INFO  DecisionTreeEngine     - 决策树引擎【规则树】treeId:tree_lock node:rule_lock code:0000
24-03-05.12:18:47.719 [main            ] INFO  RuleStockLogicTreeNode - 规则过滤-库存扣减 userId:upup strategyId:100006 awardId:102
24-03-05.12:18:47.724 [main            ] INFO  RuleStockLogicTreeNode - 规则过滤-库存扣减-成功 userId:upup strategyId:100006 awardId:102
24-03-05.12:18:47.728 [main            ] INFO  DecisionTreeEngine     - 决策树引擎【规则树】treeId:tree_lock node:rule_stock code:0001
24-03-05.12:18:47.730 [main            ] INFO  RuleLuckAwardLogicTreeNode - 规则过滤-兜底奖品 userId:upup strategyId:100006 awardId:102 ruleValue:101:1,100
24-03-05.12:18:47.730 [main            ] INFO  RuleLuckAwardLogicTreeNode - 规则过滤-兜底奖品 userId:upup strategyId:100006 awardId:101 awardRuleValue:1,100
24-03-05.12:18:47.730 [main            ] INFO  DecisionTreeEngine     - 决策树引擎【规则树】treeId:tree_lock node:rule_luck_award code:0001
24-03-05.12:18:47.730 [main            ] INFO  AbstractRaffleStrategy - 抽奖策略计算-规则树 upup 100006 101 1,100
24-03-05.12:18:47.731 [main            ] INFO  RaffleStrategyTest     - 请求参数：{"strategyId":100006,"userId":"upup"}
24-03-05.12:18:47.731 [main            ] INFO  RaffleStrategyTest     - 测试结果：{"awardConfig":"1,100","awardId":101}
24-03-05.12:18:50.002 [scheduling-1    ] INFO  UpdateAwardStockJob    - 定时任务，更新奖品消耗库存【延迟队列获取，降低对数据库的更新频次，不要产生竞争】
24-03-05.12:18:50.020 [scheduling-1    ] INFO  UpdateAwardStockJob    - 定时任务，更新奖品消耗库存 strategyId:100006 awardId:102
24-03-05.12:18:55.005 [scheduling-1    ] INFO  UpdateAwardStockJob    - 定时任务，更新奖品消耗库存【延迟队列获取，降低对数据库的更新频次，不要产生竞争】
24-03-05.12:18:55.010 [scheduling-1    ] INFO  UpdateAwardStockJob    - 定时任务，更新奖品消耗库存 strategyId:100006 awardId:102
24-03-05.12:19:00.005 [scheduling-1    ] INFO  UpdateAwardStockJob    - 定时任务，更新奖品消耗库存【延迟队列获取，降低对数据库的更新频次，不要产生竞争】
24-03-05.12:19:00.020 [scheduling-1    ] INFO  UpdateAwardStockJob    - 定时任务，更新奖品消耗库存 strategyId:100006 awardId:102
24-03-05.12:19:05.005 [scheduling-1    ] INFO  UpdateAwardStockJob    - 定时任务，更新奖品消耗库存【延迟队列获取，降低对数据库的更新频次，不要产生竞争】
24-03-05.12:19:05.031 [scheduling-1    ] INFO  UpdateAwardStockJob    - 定时任务，更新奖品消耗库存 strategyId:100006 awardId:102
24-03-05.12:19:10.006 [scheduling-1    ] INFO  UpdateAwardStockJob    - 定时任务，更新奖品消耗库存【延迟队列获取，降低对数据库的更新频次，不要产生竞争】
24-03-05.12:19:15.005 [scheduling-1    ] INFO  UpdateAwardStockJob    - 定时任务，更新奖品消耗库存【延迟队列获取，降低对数据库的更新频次，不要产生竞争】
24-03-05.12:19:20.006 [scheduling-1    ] INFO  UpdateAwardStockJob    - 定时任务，更新奖品消耗库存【延迟队列获取，降低对数据库的更新频次，不要产生竞争】
24-03-05.12:19:25.005 [scheduling-1    ] INFO  UpdateAwardStockJob    - 定时任务，更新奖品消耗库存【延迟队列获取，降低对数据库的更新频次，不要产生竞争】
24-03-05.12:19:30.007 [scheduling-1    ] INFO  UpdateAwardStockJob    - 定时任务，更新奖品消耗库存【延迟队列获取，降低对数据库的更新频次，不要产生竞争】
24-03-05.12:19:35.005 [scheduling-1    ] INFO  UpdateAwardStockJob    - 定时任务，更新奖品消耗库存【延迟队列获取，降低对数据库的更新频次，不要产生竞争】
24-03-05.12:19:40.005 [scheduling-1    ] INFO  UpdateAwardStockJob    - 定时任务，更新奖品消耗库存【延迟队列获取，降低对数据库的更新频次，不要产生竞争】
24-03-05.12:19:45.002 [scheduling-1    ] INFO  UpdateAwardStockJob    - 定时任务，更新奖品消耗库存【延迟队列获取，降低对数据库的更新频次，不要产生竞争】
24-03-05.12:19:50.006 [scheduling-1    ] INFO  UpdateAwardStockJob    - 定时任务，更新奖品消耗库存【延迟队列获取，降低对数据库的更新频次，不要产生竞争】
24-03-05.12:19:55.006 [scheduling-1    ] INFO  UpdateAwardStockJob    - 定时任务，更新奖品消耗库存【延迟队列获取，降低对数据库的更新频次，不要产生竞争】
24-03-05.12:20:00.006 [scheduling-1    ] INFO  UpdateAwardStockJob    - 定时任务，更新奖品消耗库存【延迟队列获取，降低对数据库的更新频次，不要产生竞争】
24-03-05.12:20:05.013 [scheduling-1    ] INFO  UpdateAwardStockJob    - 定时任务，更新奖品消耗库存【延迟队列获取，降低对数据库的更新频次，不要产生竞争】
24-03-05.12:20:10.006 [scheduling-1    ] INFO  UpdateAwardStockJob    - 定时任务，更新奖品消耗库存【延迟队列获取，降低对数据库的更新频次，不要产生竞争】
24-03-05.12:20:13.731 [SpringApplicationShutdownHook] INFO  HikariDataSource       - HikariPool-1 - Shutdown initiated...
24-03-05.12:20:13.745 [SpringApplicationShutdownHook] INFO  HikariDataSource       - HikariPool-1 - Shutdown completed.
